xva/build/outputs/logs/manifest-merger-debug-report.txt
-- Merging decision tree log ---
manifest
ADDED from PhysicsAndroid/xva/AndroidManifest.xml:2:1-18:12
	package
		ADDED from PhysicsAndroid/xva/AndroidManifest.xml:3:7-40
	android:versionName
		ADDED from PhysicsAndroid/xva/AndroidManifest.xml:5:7-32
		INJECTED from PhysicsAndroid/xva/AndroidManifest.xml
		INJECTED from PhysicsAndroid/xva/AndroidManifest.xml
	android:versionCode
		ADDED from PhysicsAndroid/xva/AndroidManifest.xml:4:7-30
		INJECTED from PhysicsAndroid/xva/AndroidManifest.xml
		INJECTED from PhysicsAndroid/xva/AndroidManifest.xml
	xmlns:android
		ADDED from PhysicsAndroid/xva/AndroidManifest.xml:2:11-69
uses-sdk
ADDED from PhysicsAndroid/xva/AndroidManifest.xml:7:5-43
	android:minSdkVersion
		ADDED from PhysicsAndroid/xva/AndroidManifest.xml:7:15-40
application
ADDED from PhysicsAndroid/xva/AndroidManifest.xml:9:5-17:19
	android:label
		ADDED from PhysicsAndroid/xva/AndroidManifest.xml:9:48-80
	android:icon
		ADDED from PhysicsAndroid/xva/AndroidManifest.xml:9:18-47
activity#jp.ac.u_ryukyu.phys.xva.XvaActivity
ADDED from PhysicsAndroid/xva/AndroidManifest.xml:10:9-16:20
	android:screenOrientation
		ADDED from PhysicsAndroid/xva/AndroidManifest.xml:11:52-89
	android:label
		ADDED from PhysicsAndroid/xva/AndroidManifest.xml:11:19-51
	android:configChanges
		ADDED from PhysicsAndroid/xva/AndroidManifest.xml:11:90-140
	android:name
		ADDED from PhysicsAndroid/xva/AndroidManifest.xml:10:19-46
intent-filter#android.intent.action.MAIN+android.intent.category.LAUNCHER
ADDED from PhysicsAndroid/xva/AndroidManifest.xml:12:13-15:29
action#android.intent.action.MAIN
ADDED from PhysicsAndroid/xva/AndroidManifest.xml:13:17-69
	android:name
		ADDED from PhysicsAndroid/xva/AndroidManifest.xml:13:25-66
category#android.intent.category.LAUNCHER
ADDED from PhysicsAndroid/xva/AndroidManifest.xml:14:17-77
	android:name
		ADDED from PhysicsAndroid/xva/AndroidManifest.xml:14:27-74